{"/Users/ihesiulo/code/web3-training/ecdsa-node/server/database.js": {"path":"/Users/ihesiulo/code/web3-training/ecdsa-node/server/database.js","statementMap":{"0":{"start":{"line":3,"column":8},"end":{"line":3,"column":29}},"1":{"start":{"line":7,"column":8},"end":{"line":18,"column":11}},"2":{"start":{"line":9,"column":16},"end":{"line":9,"column":150}},"3":{"start":{"line":10,"column":32},"end":{"line":10,"column":34}},"4":{"start":{"line":11,"column":12},"end":{"line":17,"column":15}},"5":{"start":{"line":12,"column":16},"end":{"line":15,"column":17}},"6":{"start":{"line":13,"column":20},"end":{"line":13,"column":39}},"7":{"start":{"line":14,"column":20},"end":{"line":14,"column":41}},"8":{"start":{"line":16,"column":16},"end":{"line":16,"column":42}},"9":{"start":{"line":22,"column":8},"end":{"line":33,"column":11}},"10":{"start":{"line":23,"column":26},"end":{"line":23,"column":75}},"11":{"start":{"line":24,"column":32},"end":{"line":24,"column":41}},"12":{"start":{"line":25,"column":12},"end":{"line":32,"column":15}},"13":{"start":{"line":26,"column":16},"end":{"line":30,"column":17}},"14":{"start":{"line":27,"column":20},"end":{"line":27,"column":52}},"15":{"start":{"line":28,"column":23},"end":{"line":30,"column":17}},"16":{"start":{"line":29,"column":20},"end":{"line":29,"column":71}},"17":{"start":{"line":31,"column":16},"end":{"line":31,"column":44}},"18":{"start":{"line":37,"column":8},"end":{"line":46,"column":11}},"19":{"start":{"line":38,"column":12},"end":{"line":45,"column":15}},"20":{"start":{"line":39,"column":16},"end":{"line":43,"column":17}},"21":{"start":{"line":40,"column":20},"end":{"line":40,"column":41}},"22":{"start":{"line":41,"column":23},"end":{"line":43,"column":17}},"23":{"start":{"line":42,"column":20},"end":{"line":42,"column":66}},"24":{"start":{"line":44,"column":16},"end":{"line":44,"column":37}},"25":{"start":{"line":50,"column":8},"end":{"line":60,"column":11}},"26":{"start":{"line":52,"column":16},"end":{"line":52,"column":72}},"27":{"start":{"line":53,"column":32},"end":{"line":53,"column":57}},"28":{"start":{"line":54,"column":12},"end":{"line":59,"column":15}},"29":{"start":{"line":55,"column":16},"end":{"line":57,"column":17}},"30":{"start":{"line":56,"column":20},"end":{"line":56,"column":41}},"31":{"start":{"line":58,"column":16},"end":{"line":58,"column":42}},"32":{"start":{"line":64,"column":8},"end":{"line":73,"column":11}},"33":{"start":{"line":65,"column":26},"end":{"line":65,"column":79}},"34":{"start":{"line":66,"column":32},"end":{"line":66,"column":50}},"35":{"start":{"line":67,"column":12},"end":{"line":72,"column":15}},"36":{"start":{"line":68,"column":16},"end":{"line":70,"column":17}},"37":{"start":{"line":69,"column":20},"end":{"line":69,"column":41}},"38":{"start":{"line":71,"column":16},"end":{"line":71,"column":42}},"39":{"start":{"line":77,"column":0},"end":{"line":77,"column":26}}},"fnMap":{"0":{"name":"(anonymous_0)","decl":{"start":{"line":2,"column":4},"end":{"line":2,"column":5}},"loc":{"start":{"line":2,"column":28},"end":{"line":4,"column":5}},"line":2},"1":{"name":"(anonymous_1)","decl":{"start":{"line":6,"column":4},"end":{"line":6,"column":5}},"loc":{"start":{"line":6,"column":26},"end":{"line":19,"column":5}},"line":6},"2":{"name":"(anonymous_2)","decl":{"start":{"line":7,"column":27},"end":{"line":7,"column":28}},"loc":{"start":{"line":7,"column":48},"end":{"line":18,"column":9}},"line":7},"3":{"name":"(anonymous_3)","decl":{"start":{"line":11,"column":44},"end":{"line":11,"column":45}},"loc":{"start":{"line":11,"column":55},"end":{"line":17,"column":13}},"line":11},"4":{"name":"(anonymous_4)","decl":{"start":{"line":21,"column":4},"end":{"line":21,"column":5}},"loc":{"start":{"line":21,"column":24},"end":{"line":34,"column":5}},"line":21},"5":{"name":"(anonymous_5)","decl":{"start":{"line":22,"column":27},"end":{"line":22,"column":28}},"loc":{"start":{"line":22,"column":48},"end":{"line":33,"column":9}},"line":22},"6":{"name":"(anonymous_6)","decl":{"start":{"line":25,"column":44},"end":{"line":25,"column":45}},"loc":{"start":{"line":25,"column":66},"end":{"line":32,"column":13}},"line":25},"7":{"name":"(anonymous_7)","decl":{"start":{"line":36,"column":4},"end":{"line":36,"column":5}},"loc":{"start":{"line":36,"column":21},"end":{"line":47,"column":5}},"line":36},"8":{"name":"(anonymous_8)","decl":{"start":{"line":37,"column":27},"end":{"line":37,"column":28}},"loc":{"start":{"line":37,"column":48},"end":{"line":46,"column":9}},"line":37},"9":{"name":"(anonymous_9)","decl":{"start":{"line":38,"column":51},"end":{"line":38,"column":52}},"loc":{"start":{"line":38,"column":74},"end":{"line":45,"column":13}},"line":38},"10":{"name":"(anonymous_10)","decl":{"start":{"line":49,"column":4},"end":{"line":49,"column":5}},"loc":{"start":{"line":49,"column":40},"end":{"line":61,"column":5}},"line":49},"11":{"name":"(anonymous_11)","decl":{"start":{"line":50,"column":27},"end":{"line":50,"column":28}},"loc":{"start":{"line":50,"column":48},"end":{"line":60,"column":9}},"line":50},"12":{"name":"(anonymous_12)","decl":{"start":{"line":54,"column":44},"end":{"line":54,"column":45}},"loc":{"start":{"line":54,"column":61},"end":{"line":59,"column":13}},"line":54},"13":{"name":"(anonymous_13)","decl":{"start":{"line":63,"column":4},"end":{"line":63,"column":5}},"loc":{"start":{"line":63,"column":36},"end":{"line":74,"column":5}},"line":63},"14":{"name":"(anonymous_14)","decl":{"start":{"line":64,"column":27},"end":{"line":64,"column":28}},"loc":{"start":{"line":64,"column":48},"end":{"line":73,"column":9}},"line":64},"15":{"name":"(anonymous_15)","decl":{"start":{"line":67,"column":44},"end":{"line":67,"column":45}},"loc":{"start":{"line":67,"column":61},"end":{"line":72,"column":13}},"line":67}},"branchMap":{"0":{"loc":{"start":{"line":12,"column":16},"end":{"line":15,"column":17}},"type":"if","locations":[{"start":{"line":12,"column":16},"end":{"line":15,"column":17}},{"start":{},"end":{}}],"line":12},"1":{"loc":{"start":{"line":26,"column":16},"end":{"line":30,"column":17}},"type":"if","locations":[{"start":{"line":26,"column":16},"end":{"line":30,"column":17}},{"start":{"line":28,"column":23},"end":{"line":30,"column":17}}],"line":26},"2":{"loc":{"start":{"line":28,"column":23},"end":{"line":30,"column":17}},"type":"if","locations":[{"start":{"line":28,"column":23},"end":{"line":30,"column":17}},{"start":{},"end":{}}],"line":28},"3":{"loc":{"start":{"line":39,"column":16},"end":{"line":43,"column":17}},"type":"if","locations":[{"start":{"line":39,"column":16},"end":{"line":43,"column":17}},{"start":{"line":41,"column":23},"end":{"line":43,"column":17}}],"line":39},"4":{"loc":{"start":{"line":41,"column":23},"end":{"line":43,"column":17}},"type":"if","locations":[{"start":{"line":41,"column":23},"end":{"line":43,"column":17}},{"start":{},"end":{}}],"line":41},"5":{"loc":{"start":{"line":55,"column":16},"end":{"line":57,"column":17}},"type":"if","locations":[{"start":{"line":55,"column":16},"end":{"line":57,"column":17}},{"start":{},"end":{}}],"line":55},"6":{"loc":{"start":{"line":68,"column":16},"end":{"line":70,"column":17}},"type":"if","locations":[{"start":{"line":68,"column":16},"end":{"line":70,"column":17}},{"start":{},"end":{}}],"line":68}},"s":{"0":1,"1":1,"2":1,"3":1,"4":1,"5":0,"6":0,"7":0,"8":0,"9":3,"10":3,"11":3,"12":3,"13":0,"14":0,"15":0,"16":0,"17":0,"18":0,"19":0,"20":0,"21":0,"22":0,"23":0,"24":0,"25":0,"26":0,"27":0,"28":0,"29":0,"30":0,"31":0,"32":1,"33":1,"34":1,"35":1,"36":0,"37":0,"38":0,"39":1},"f":{"0":1,"1":1,"2":1,"3":0,"4":3,"5":3,"6":0,"7":0,"8":0,"9":0,"10":0,"11":0,"12":0,"13":1,"14":1,"15":0},"b":{"0":[0,0],"1":[0,0],"2":[0,0],"3":[0,0],"4":[0,0],"5":[0,0],"6":[0,0]},"_coverageSchema":"1a1c01bbd47fc00a2c39e90264f33305004495a9","hash":"2dfe99f0029e2404b118d38d262528cc00308ad6"}
}
